#
# A fatal error has been detected by the Java Runtime Environment:
#
#  EXCEPTION_ACCESS_VIOLATION (0xc0000005) at pc=0x0000000074a5ef07, pid=37524, tid=0x0000000000009e48
#
# JRE version: Java(TM) SE Runtime Environment (8.0_171-b11) (build 1.8.0_171-b11)
# Java VM: Java HotSpot(TM) 64-Bit Server VM (25.171-b11 mixed mode windows-amd64 compressed oops)
# Problematic frame:
# V  [jvm.dll+0x13ef07]
#
# Failed to write core dump. Minidumps are not enabled by default on client versions of Windows
#
# If you would like to submit a bug report, please visit:
#   http://bugreport.java.com/bugreport/crash.jsp
# The crash happened outside the Java Virtual Machine in native code.
# See problematic frame for where to report the bug.
#

---------------  T H R E A D  ---------------

Current thread (0x00000000021f2800):  JavaThread "main" [_thread_in_native, id=40520, stack(0x00000000020f0000,0x00000000021f0000)]

siginfo: ExceptionCode=0xc0000005, writing address 0x0000000000000270

Registers:
RAX=0x0000000074a5e050, RBX=0x00000000021ef5f0, RCX=0x00000000750c4b58, RDX=0x00000000021ef5f0
RSP=0x00000000021ef410, RBP=0x00000000750c4d50, RSI=0x0000000000000000, RDI=0x0000000000000000
R8 =0x00000000021ef5f0, R9 =0x0000000002017cf0, R10=0x0000000002308c3b, R11=0x0000000074b4c460
R12=0x0000000000000000, R13=0x000000001b3a0828, R14=0x00000000021ef5f0, R15=0x00000000021f2800
RIP=0x0000000074a5ef07, EFLAGS=0x0000000000010202

Top of Stack: (sp=0x00000000021ef410)
0x00000000021ef410:   000000000201e4b0 00000000021ef530
0x00000000021ef420:   00000000021ef4a0 000000000201e4b0
0x00000000021ef430:   0000000000000000 0000000000000001
0x00000000021ef440:   000000001b3a0830 00000000021f2800
0x00000000021ef450:   00000000021ef548 00007ff8ef4f1615
0x00000000021ef460:   000000001b3a0830 00000000021ef480
0x00000000021ef470:   0000000040000020 cccccccccccccccc
0x00000000021ef480:   cccccccccccccccc cccccccccccccccc
0x00000000021ef490:   cccccccccccccccc cccccccccccccccc
0x00000000021ef4a0:   cccccccccccccccc cccccccccccccccc
0x00000000021ef4b0:   cccccccccccccccc cccccccccccccccc
0x00000000021ef4c0:   cccccccccccccccc cccccccccccccccc
0x00000000021ef4d0:   cccccccccccccccc cccccccccccccccc
0x00000000021ef4e0:   cccccccccccccccc cccccccccccccccc
0x00000000021ef4f0:   cccccccccccccccc cccccccccccccccc
0x00000000021ef500:   cccccccccccccccc cccccccccccccccc 

Instructions: (pc=0x0000000074a5ef07)
0x0000000074a5eee7:   8b e9 3d ab de 00 00 74 17 8b 87 88 02 00 00 3d
0x0000000074a5eef7:   ac de 00 00 74 0a 48 8b cf e8 3b f8 0f 00 8b fe
0x0000000074a5ef07:   c7 87 70 02 00 00 05 00 00 00 83 3d b0 33 6d 00
0x0000000074a5ef17:   01 75 09 40 38 35 22 26 6d 00 74 18 40 38 35 1a 


Register to memory mapping:

RAX=0x0000000074a5e050 is an unknown value
RBX=0x00000000021ef5f0 is pointing into the stack for thread: 0x00000000021f2800
RCX=0x00000000750c4b58 is an unknown value
RDX=0x00000000021ef5f0 is pointing into the stack for thread: 0x00000000021f2800
RSP=0x00000000021ef410 is pointing into the stack for thread: 0x00000000021f2800
RBP=0x00000000750c4d50 is an unknown value
RSI=0x0000000000000000 is an unknown value
RDI=0x0000000000000000 is an unknown value
R8 =0x00000000021ef5f0 is pointing into the stack for thread: 0x00000000021f2800
R9 =0x0000000002017cf0 is an unknown value
R10=0x0000000002308c3b is at code_begin+891 in an Interpreter codelet
method entry point (kind = native)  [0x00000000023088c0, 0x0000000002309280]  2496 bytes
R11=0x0000000074b4c460 is an unknown value
R12=0x0000000000000000 is an unknown value
R13=0x000000001b3a0828 is pointing into metadata
R14=0x00000000021ef5f0 is pointing into the stack for thread: 0x00000000021f2800
R15=0x00000000021f2800 is a thread


Stack: [0x00000000020f0000,0x00000000021f0000],  sp=0x00000000021ef410,  free space=1021k
Native frames: (J=compiled Java code, j=interpreted, Vv=VM code, C=native code)
V  [jvm.dll+0x13ef07]
C  [mrcore.dll+0x11615]
C  0x0000000002308c67

Java frames: (J=compiled Java code, j=interpreted, Vv=VM code)
j  me.mrletsplay.mrcore.misc.Test.newEmptyInstance(Ljava/lang/Class;)Ljava/lang/Object;+0
j  me.mrletsplay.mrcore._test.Main.main([Ljava/lang/String;)V+10
v  ~StubRoutines::call_stub

---------------  P R O C E S S  ---------------

Java Threads: ( => current thread )
  0x000000001b99e800 JavaThread "Service Thread" daemon [_thread_blocked, id=41360, stack(0x000000001d6a0000,0x000000001d7a0000)]
  0x000000001b94a800 JavaThread "C1 CompilerThread2" daemon [_thread_blocked, id=39188, stack(0x000000001d1a0000,0x000000001d2a0000)]
  0x000000001b947000 JavaThread "C2 CompilerThread1" daemon [_thread_blocked, id=42652, stack(0x000000001d0a0000,0x000000001d1a0000)]
  0x000000001b940800 JavaThread "C2 CompilerThread0" daemon [_thread_blocked, id=42780, stack(0x000000001cfa0000,0x000000001d0a0000)]
  0x000000001b93e800 JavaThread "Attach Listener" daemon [_thread_blocked, id=37844, stack(0x000000001cea0000,0x000000001cfa0000)]
  0x000000001b93d000 JavaThread "Signal Dispatcher" daemon [_thread_blocked, id=42056, stack(0x000000001cda0000,0x000000001cea0000)]
  0x00000000022ed000 JavaThread "Finalizer" daemon [_thread_blocked, id=34844, stack(0x000000001cb90000,0x000000001cc90000)]
  0x00000000022e1000 JavaThread "Reference Handler" daemon [_thread_blocked, id=26412, stack(0x000000001ca90000,0x000000001cb90000)]
=>0x00000000021f2800 JavaThread "main" [_thread_in_native, id=40520, stack(0x00000000020f0000,0x00000000021f0000)]

Other Threads:
  0x000000001b907000 VMThread [stack: 0x000000001c990000,0x000000001ca90000] [id=39164]
  0x000000001d2e6000 WatcherThread [stack: 0x000000001d7a0000,0x000000001d8a0000] [id=41380]

VM state:not at safepoint (normal execution)

VM Mutex/Monitor currently owned by a thread: None

Heap:
 PSYoungGen      total 76288K, used 2621K [0x000000076af80000, 0x0000000770480000, 0x00000007c0000000)
  eden space 65536K, 4% used [0x000000076af80000,0x000000076b20f5e8,0x000000076ef80000)
  from space 10752K, 0% used [0x000000076fa00000,0x000000076fa00000,0x0000000770480000)
  to   space 10752K, 0% used [0x000000076ef80000,0x000000076ef80000,0x000000076fa00000)
 ParOldGen       total 175104K, used 0K [0x00000006c0e00000, 0x00000006cb900000, 0x000000076af80000)
  object space 175104K, 0% used [0x00000006c0e00000,0x00000006c0e00000,0x00000006cb900000)
 Metaspace       used 2583K, capacity 4486K, committed 4864K, reserved 1056768K
  class space    used 287K, capacity 386K, committed 512K, reserved 1048576K

Card table byte_map: [0x00000000116b0000,0x0000000011eb0000] byte_map_base: 0x000000000e0a9000

Marking Bits: (ParMarkBitMap*) 0x00000000751408c0
 Begin Bits: [0x0000000012810000, 0x00000000167d8000)
 End Bits:   [0x00000000167d8000, 0x000000001a7a0000)

Polling page: 0x0000000001f70000

CodeCache: size=245760Kb used=1132Kb max_used=1132Kb free=244627Kb
 bounds [0x00000000022f0000, 0x0000000002560000, 0x00000000112f0000]
 total_blobs=271 nmethods=41 adapters=144
 compilation: enabled

Compilation events (10 events):
Event: 0.081 Thread 0x000000001b94a800   35       3       java.lang.StringBuilder::toString (17 bytes)
Event: 0.081 Thread 0x000000001b94a800 nmethod 35 0x0000000002409a90 code [0x0000000002409c00, 0x0000000002409e08]
Event: 0.082 Thread 0x000000001b94a800   36       3       java.lang.System::getSecurityManager (4 bytes)
Event: 0.082 Thread 0x000000001b94a800 nmethod 36 0x0000000002409ed0 code [0x000000000240a020, 0x000000000240a170]
Event: 0.083 Thread 0x000000001b94a800   39       3       java.lang.String::startsWith (72 bytes)
Event: 0.083 Thread 0x000000001b94a800 nmethod 39 0x000000000240a1d0 code [0x000000000240a340, 0x000000000240a670]
Event: 0.083 Thread 0x000000001b94a800   38       3       java.lang.String::startsWith (7 bytes)
Event: 0.083 Thread 0x000000001b94a800 nmethod 38 0x000000000240a850 code [0x000000000240a9c0, 0x000000000240abc8]
Event: 0.083 Thread 0x000000001b94a800   37       1       java.util.ArrayList::size (5 bytes)
Event: 0.083 Thread 0x000000001b94a800 nmethod 37 0x000000000240ac50 code [0x000000000240ada0, 0x000000000240aeb0]

GC Heap History (0 events):
No events

Deoptimization events (0 events):
No events

Classes redefined (0 events):
No events

Internal exceptions (2 events):
Event: 0.031 Thread 0x00000000021f2800 Exception <a 'java/lang/NoSuchMethodError': Method sun.misc.Unsafe.defineClass(Ljava/lang/String;[BII)Ljava/lang/Class; name or signature does not match> (0x000000076af87cb0) thrown at [C:\re\workspace\8-2-build-windows-amd64-cygwin\jdk8u171\10807\hotspot
Event: 0.031 Thread 0x00000000021f2800 Exception <a 'java/lang/NoSuchMethodError': Method sun.misc.Unsafe.prefetchRead(Ljava/lang/Object;J)V name or signature does not match> (0x000000076af87f98) thrown at [C:\re\workspace\8-2-build-windows-amd64-cygwin\jdk8u171\10807\hotspot\src\share\vm\prim

Events (10 events):
Event: 0.080 loading class sun/launcher/LauncherHelper$FXHelper
Event: 0.080 loading class sun/launcher/LauncherHelper$FXHelper done
Event: 0.080 loading class java/lang/Class$MethodArray
Event: 0.080 loading class java/lang/Class$MethodArray done
Event: 0.080 loading class java/lang/Void
Event: 0.080 loading class java/lang/Void done
Event: 0.080 loading class java/lang/ClassLoaderHelper
Event: 0.080 loading class java/lang/ClassLoaderHelper done
Event: 0.083 loading class me/mrletsplay/mrcore/misc/Test
Event: 0.083 loading class me/mrletsplay/mrcore/misc/Test done


Dynamic libraries:
0x00007ff6816a0000 - 0x00007ff6816d7000 	D:\Program Files\Java\jre1.8.0_171\bin\javaw.exe
0x00007ff8fba00000 - 0x00007ff8fbbad000 	C:\Windows\SYSTEM32\ntdll.dll
0x00007ff8fb730000 - 0x00007ff8fb86e000 	C:\Windows\system32\KERNEL32.DLL
0x00007ff8f8cd0000 - 0x00007ff8f8de6000 	C:\Windows\system32\KERNELBASE.dll
0x00007ff8f76e0000 - 0x00007ff8f776e000 	C:\Windows\system32\apphelp.dll
0x00007ff8ef950000 - 0x00007ff8ef9a3000 	C:\Windows\AppPatch\AppPatch64\AcGenral.DLL
0x00007ff8fb110000 - 0x00007ff8fb1ba000 	C:\Windows\system32\msvcrt.dll
0x00007ff8f8bf0000 - 0x00007ff8f8c1e000 	C:\Windows\system32\SspiCli.dll
0x00007ff8fae90000 - 0x00007ff8faee4000 	C:\Windows\system32\SHLWAPI.dll
0x00007ff8fad10000 - 0x00007ff8fae87000 	C:\Windows\system32\USER32.dll
0x00007ff8fb2f0000 - 0x00007ff8fb484000 	C:\Windows\system32\ole32.dll
0x00007ff8f9720000 - 0x00007ff8fac4c000 	C:\Windows\system32\SHELL32.dll
0x00007ff8f83a0000 - 0x00007ff8f83c1000 	C:\Windows\SYSTEM32\USERENV.dll
0x00007ff8fb1d0000 - 0x00007ff8fb27a000 	C:\Windows\system32\ADVAPI32.dll
0x00007ff8f3230000 - 0x00007ff8f324e000 	C:\Windows\SYSTEM32\MPR.dll
0x00007ff8fb5f0000 - 0x00007ff8fb730000 	C:\Windows\system32\RPCRT4.dll
0x00007ff8fb040000 - 0x00007ff8fb099000 	C:\Windows\SYSTEM32\sechost.dll
0x00007ff8f9150000 - 0x00007ff8f9362000 	C:\Windows\SYSTEM32\combase.dll
0x00007ff8faef0000 - 0x00007ff8fb03b000 	C:\Windows\system32\GDI32.dll
0x00007ff8f8b20000 - 0x00007ff8f8b35000 	C:\Windows\SYSTEM32\profapi.dll
0x00007ff8f70b0000 - 0x00007ff8f7162000 	C:\Windows\SYSTEM32\SHCORE.dll
0x00007ff8f90e0000 - 0x00007ff8f9116000 	C:\Windows\system32\IMM32.DLL
0x00007ff8fb490000 - 0x00007ff8fb5e1000 	C:\Windows\system32\MSCTF.dll
0x00007ff8f6790000 - 0x00007ff8f6a0b000 	C:\Windows\WinSxS\amd64_microsoft.windows.common-controls_6595b64144ccf1df_6.0.9600.18006_none_623f33d3ecbe86e8\COMCTL32.dll
0x00000000745e0000 - 0x00000000746b2000 	D:\Program Files\Java\jre1.8.0_171\bin\msvcr100.dll
0x0000000074920000 - 0x00000000751c0000 	D:\Program Files\Java\jre1.8.0_171\bin\server\jvm.dll
0x00007ff8efe50000 - 0x00007ff8efe59000 	C:\Windows\SYSTEM32\WSOCK32.dll
0x00007ff8f5050000 - 0x00007ff8f5072000 	C:\Windows\SYSTEM32\WINMM.dll
0x00007ff8f5000000 - 0x00007ff8f500a000 	C:\Windows\SYSTEM32\VERSION.dll
0x00007ff8f9140000 - 0x00007ff8f9147000 	C:\Windows\system32\PSAPI.DLL
0x00007ff8fb0b0000 - 0x00007ff8fb10a000 	C:\Windows\system32\WS2_32.dll
0x00007ff8f4fd0000 - 0x00007ff8f4ffa000 	C:\Windows\SYSTEM32\WINMMBASE.dll
0x00007ff8f9370000 - 0x00007ff8f9379000 	C:\Windows\system32\NSI.dll
0x00007ff8f8e50000 - 0x00007ff8f8e9f000 	C:\Windows\SYSTEM32\cfgmgr32.dll
0x00007ff8f7930000 - 0x00007ff8f7958000 	C:\Windows\SYSTEM32\DEVOBJ.dll
0x0000000074830000 - 0x000000007483f000 	D:\Program Files\Java\jre1.8.0_171\bin\verify.dll
0x0000000074800000 - 0x0000000074829000 	D:\Program Files\Java\jre1.8.0_171\bin\java.dll
0x00000000747e0000 - 0x00000000747f6000 	D:\Program Files\Java\jre1.8.0_171\bin\zip.dll
0x00007ff8ef4e0000 - 0x00007ff8ef503000 	D:\Programme_2\Google Drive\Programmieren\Eclipse\Test_Alles-3\MrCore\mrcore.dll
0x00007ff8e5020000 - 0x00007ff8e5041000 	C:\Windows\SYSTEM32\VCRUNTIME140D.dll
0x00007ff8d3d40000 - 0x00007ff8d3efd000 	C:\Windows\SYSTEM32\ucrtbased.dll
0x00007ff8f3a60000 - 0x00007ff8f3be9000 	C:\Windows\SYSTEM32\dbghelp.dll

VM Arguments:
jvm_args: -Dfile.encoding=Cp1252 
java_command: me.mrletsplay.mrcore._test.Main
java_class_path (initial): D:\Program Files\Java\jre1.8.0_171\lib\resources.jar;D:\Program Files\Java\jre1.8.0_171\lib\rt.jar;D:\Program Files\Java\jre1.8.0_171\lib\jsse.jar;D:\Program Files\Java\jre1.8.0_171\lib\jce.jar;D:\Program Files\Java\jre1.8.0_171\lib\charsets.jar;D:\Program Files\Java\jre1.8.0_171\lib\jfr.jar;D:\Program Files\Java\jre1.8.0_171\lib\ext\access-bridge-64.jar;D:\Program Files\Java\jre1.8.0_171\lib\ext\cldrdata.jar;D:\Program Files\Java\jre1.8.0_171\lib\ext\dnsns.jar;D:\Program Files\Java\jre1.8.0_171\lib\ext\jaccess.jar;D:\Program Files\Java\jre1.8.0_171\lib\ext\jfxrt.jar;D:\Program Files\Java\jre1.8.0_171\lib\ext\localedata.jar;D:\Program Files\Java\jre1.8.0_171\lib\ext\nashorn.jar;D:\Program Files\Java\jre1.8.0_171\lib\ext\sunec.jar;D:\Program Files\Java\jre1.8.0_171\lib\ext\sunjce_provider.jar;D:\Program Files\Java\jre1.8.0_171\lib\ext\sunmscapi.jar;D:\Program Files\Java\jre1.8.0_171\lib\ext\sunpkcs11.jar;D:\Program Files\Java\jre1.8.0_171\lib\ext\zipfs.jar;D:\Programme_2\Google Drive\Programmieren\Eclipse\Test_Alles-3\MrCore\target\classes;C:\Users\Julian\.m2\repository\org\spigotmc\spigot-api\1.13-R0.1-SNAPSHOT\spigot-api-1.13-R0.1-SNAPSHOT.jar;C:\Users\Julian\.m2\repository\commons-lang\commons-lang\2.6\commons-lang-2.6.jar;C:\Users\Julian\.m2\repository\com\googlecode\json-simple\json-simple\1.1.1\json-simple-1.1.1.jar;C:\Users\Julian\.m2\repository\junit\junit\4.10\junit-4.10.jar;C:\Users\Julian\.m2\repository\org\hamcrest\hamcrest-core\1.1\hamcrest-core-1.1.jar;C:\Users\Julian\.m2\repository\com\google\guava\guava\21.0\guava-21.0.jar;C:\Users\Julian\.m2\repository\com\google\code\gson\gson\2.8.0\gson-2.8.0.jar;C:\Users\Julian\.m2\repository\org\yaml\snakeyaml\1.21\snakeyaml-1.21.jar;C:\Users\Julian\.m2\repository\net\md-5\bungeecord-chat\1.13-SNAPSHOT\bungeecord-chat-1.13-SNAPSHOT.jar
Launcher Type: SUN_STANDARD

Environment Variables:
JAVA_HOME=D:\Program Files\Java\jdk1.8.0_171
PATH=D:/Program Files/Java/jre1.8.0_171/bin/server;D:/Program Files/Java/jre1.8.0_171/bin;D:/Program Files/Java/jre1.8.0_171/lib/amd64;D:\Program Files\Java\jdk1.8.0_171\bin;D:\Program Files (x86)\Common Files\Oracle\Java\javapath;C:\Program Files (x86)\Razer Chroma SDK\bin;D:\Program Files\Razer Chroma SDK\bin;D:\Program Files (x86)\PHP\v7.0;C:\Windows\system32\inetsrv;C:\Windows\system32;C:\Windows;C:\Windows\System32\Wbem;C:\Windows\System32\WindowsPowerShell\v1.0\;D:\Program Files\Git\cmd;C:\Program Files (x86)\NVIDIA Corporation\PhysX\Common;D:\Program Files\PuTTY\;D:\Program Files\nodejs\;D:\Program Files\dotnet\;D:\Program Files\Microsoft SQL Server\130\Tools\Binn\;D:\Maven\apache-maven-3.5.4\bin;C:\Users\Julian\AppData\Local\GitHubDesktop\bin;C:\Users\Julian\AppData\Roaming\npm;D:\Maven\apache-maven-3.5.4\bin;C:\Users\Julian\AppData\Local\atom\bin;C:\Windows\System32;
USERNAME=Mr
OS=Windows_NT
PROCESSOR_IDENTIFIER=Intel64 Family 6 Model 60 Stepping 3, GenuineIntel



---------------  S Y S T E M  ---------------

OS: Windows 8.1 , 64 bit Build 9600 (6.3.9600.17415)

CPU:total 4 (initial active 4) (4 cores per cpu, 1 threads per core) family 6 model 60 stepping 3, cmov, cx8, fxsr, mmx, sse, sse2, sse3, ssse3, sse4.1, sse4.2, popcnt, avx, avx2, aes, clmul, erms, lzcnt, tsc, tscinvbit, bmi1, bmi2

Memory: 4k page, physical 16714816k(5846472k free), swap 26676288k(12621532k free)

vm_info: Java HotSpot(TM) 64-Bit Server VM (25.171-b11) for windows-amd64 JRE (1.8.0_171-b11), built on Mar 28 2018 16:06:12 by "java_re" with MS VC++ 10.0 (VS2010)

time: Wed Sep 05 15:56:58 2018
elapsed time: 0 seconds (0d 0h 0m 0s)

